0 info it worked if it ends with ok
1 verbose cli [ 'c:\\Program Files\\nodejs\\node.exe',
1 verbose cli   'c:\\Program Files\\nodejs\\node_modules\\npm\\bin\\npm-cli.js',
1 verbose cli   'install',
1 verbose cli   'lodash.groupBy',
1 verbose cli   '--save' ]
2 info using npm@1.4.28
3 info using node@v0.10.33
4 warn package.json yang@1.0.0 No description
5 warn package.json yang@1.0.0 No repository field.
6 warn package.json yang@1.0.0 No README data
7 verbose readDependencies using package.json deps
8 verbose cache add [ 'lodash.groupBy', null ]
9 verbose cache add name=undefined spec="lodash.groupBy" args=["lodash.groupBy",null]
10 verbose parsed url { protocol: null,
10 verbose parsed url   slashes: null,
10 verbose parsed url   auth: null,
10 verbose parsed url   host: null,
10 verbose parsed url   port: null,
10 verbose parsed url   hostname: null,
10 verbose parsed url   hash: null,
10 verbose parsed url   search: null,
10 verbose parsed url   query: null,
10 verbose parsed url   pathname: 'lodash.groupBy',
10 verbose parsed url   path: 'lodash.groupBy',
10 verbose parsed url   href: 'lodash.groupBy' }
11 silly lockFile 2cf202e0-lodash-groupBy lodash.groupBy
12 verbose lock lodash.groupBy C:\Users\James\AppData\Roaming\npm-cache\2cf202e0-lodash-groupBy.lock
13 silly lockFile 2cf202e0-lodash-groupBy lodash.groupBy
14 silly lockFile 2cf202e0-lodash-groupBy lodash.groupBy
15 verbose addNamed [ 'lodash.groupBy', '' ]
16 verbose addNamed [ null, '*' ]
17 silly lockFile 678d0512-lodash-groupBy lodash.groupBy@
18 verbose lock lodash.groupBy@ C:\Users\James\AppData\Roaming\npm-cache\678d0512-lodash-groupBy.lock
19 silly addNameRange { name: 'lodash.groupBy', range: '*', hasData: false }
20 verbose request where is /lodash.groupBy
21 verbose request registry https://registry.npmjs.org/
22 verbose request id 22cca220c97b9e55
23 verbose url raw /lodash.groupBy
24 verbose url resolving [ 'https://registry.npmjs.org/', './lodash.groupBy' ]
25 verbose url resolved https://registry.npmjs.org/lodash.groupBy
26 verbose request where is https://registry.npmjs.org/lodash.groupBy
27 info trying registry request attempt 1 at 16:25:22
28 http GET https://registry.npmjs.org/lodash.groupBy
29 http 404 https://registry.npmjs.org/lodash.groupBy
30 verbose headers { date: 'Wed, 17 Dec 2014 05:25:23 GMT',
30 verbose headers   server: 'CouchDB/1.5.0 (Erlang OTP/R16B03)',
30 verbose headers   'content-type': 'application/json',
30 verbose headers   'cache-control': 'max-age=0',
30 verbose headers   'content-length': '52',
30 verbose headers   'accept-ranges': 'bytes',
30 verbose headers   via: '1.1 varnish',
30 verbose headers   age: '0',
30 verbose headers   'x-served-by': 'cache-syd1623-SYD',
30 verbose headers   'x-cache': 'MISS',
30 verbose headers   'x-cache-hits': '0',
30 verbose headers   'x-timer': 'S1418793922.987214,VS0,VE237',
30 verbose headers   'keep-alive': 'timeout=10, max=50',
30 verbose headers   connection: 'Keep-Alive' }
31 silly registry.get cb [ 404,
31 silly registry.get   { date: 'Wed, 17 Dec 2014 05:25:23 GMT',
31 silly registry.get     server: 'CouchDB/1.5.0 (Erlang OTP/R16B03)',
31 silly registry.get     'content-type': 'application/json',
31 silly registry.get     'cache-control': 'max-age=0',
31 silly registry.get     'content-length': '52',
31 silly registry.get     'accept-ranges': 'bytes',
31 silly registry.get     via: '1.1 varnish',
31 silly registry.get     age: '0',
31 silly registry.get     'x-served-by': 'cache-syd1623-SYD',
31 silly registry.get     'x-cache': 'MISS',
31 silly registry.get     'x-cache-hits': '0',
31 silly registry.get     'x-timer': 'S1418793922.987214,VS0,VE237',
31 silly registry.get     'keep-alive': 'timeout=10, max=50',
31 silly registry.get     connection: 'Keep-Alive' } ]
32 silly lockFile 678d0512-lodash-groupBy lodash.groupBy@
33 silly lockFile 678d0512-lodash-groupBy lodash.groupBy@
34 error 404 404 Not Found: lodash.groupBy
34 error 404
34 error 404 'lodash.groupBy' is not in the npm registry.
34 error 404 You should bug the author to publish it
34 error 404 It was specified as a dependency of 'yang'
34 error 404
34 error 404 Note that you can also install from a
34 error 404 tarball, folder, or http url, or git url.
35 error System Windows_NT 6.2.9200
36 error command "c:\\Program Files\\nodejs\\node.exe" "c:\\Program Files\\nodejs\\node_modules\\npm\\bin\\npm-cli.js" "install" "lodash.groupBy" "--save"
37 error cwd c:\Users\James\src\yang
38 error node -v v0.10.33
39 error npm -v 1.4.28
40 error code E404
41 verbose exit [ 1, true ]
